<?xml version="1.0" encoding="utf-8"?><testsuites name="pytest tests"><testsuite name="pytest" errors="2" failures="0" skipped="0" tests="2" time="0.159" timestamp="2025-11-03T15:18:26.319760-04:00" hostname="DESKTOP-HDH8EAT"><testcase classname="" name="test.unit.calc_test" time="0.000"><error message="collection failure">ImportError while importing test module 'D:\Maestria\6.Entornos-Integración-y-Entrega-Continua\4.Actividades\Actividad2\calculadora-unit-test\test\unit\calc_test.py'.
Hint: make sure your test modules/packages have valid Python names.
Traceback:
C:\Users\DELL\AppData\Local\Programs\Python\Python313\Lib\importlib\__init__.py:88: in import_module
    return _bootstrap._gcd_import(name[level:], package, level)
           ^^^^^^^^^^^^^^^^^^^^^^^^^^^^^^^^^^^^^^^^^^^^^^^^^^^^
test\unit\calc_test.py:2: in &lt;module&gt;
    from calc import Calculator
E   ModuleNotFoundError: No module named 'calc'</error></testcase><testcase classname="" name="test.unit.util_test" time="0.000"><error message="collection failure">ImportError while importing test module 'D:\Maestria\6.Entornos-Integración-y-Entrega-Continua\4.Actividades\Actividad2\calculadora-unit-test\test\unit\util_test.py'.
Hint: make sure your test modules/packages have valid Python names.
Traceback:
C:\Users\DELL\AppData\Local\Programs\Python\Python313\Lib\importlib\__init__.py:88: in import_module
    return _bootstrap._gcd_import(name[level:], package, level)
           ^^^^^^^^^^^^^^^^^^^^^^^^^^^^^^^^^^^^^^^^^^^^^^^^^^^^
test\unit\util_test.py:4: in &lt;module&gt;
    from app import util
E   ModuleNotFoundError: No module named 'app'</error></testcase></testsuite></testsuites>